# JRE version: OpenJDK Runtime Environment Temurin-21.0.10+7 (21.0.10+7) (build 21.0.10+7-LTS)
# Java VM: OpenJDK 64-Bit Server VM Temurin-21.0.10+7 (21.0.10+7-LTS, mixed mode, sharing, tiered, compressed oops, compressed class ptrs, parallel gc, windows-amd64)
GC Precious Log:
 CardTable entry size: 512
 CPUs: 4 total, 4 available
 Memory: 10177M
 Large Page Support: Disabled
 NUMA Support: Disabled
 Compressed Oops: Enabled (32-bit)
 Alignments: Space 512K, Generation 512K, Heap 2M
 Heap Min Capacity: 100M
 Heap Initial Capacity: 100M
 Heap Max Capacity: 2G
 Pre-touch: Disabled
 Parallel Workers: 4
Heap:
 PSYoungGen      total 9216K, used 6976K [0x00000000d5580000, 0x00000000d6300000, 0x0000000100000000)
  eden space 6656K, 69% used [0x00000000d5580000,0x00000000d5a07ff8,0x00000000d5c00000)
  from space 2560K, 91% used [0x00000000d6080000,0x00000000d62c82e0,0x00000000d6300000)
  to   space 2560K, 0% used [0x00000000d5c00000,0x00000000d5c00000,0x00000000d5e80000)
 ParOldGen       total 359424K, used 359369K [0x0000000080000000, 0x0000000095f00000, 0x00000000d5580000)
  object space 359424K, 99% used [0x0000000080000000,0x0000000095ef24f0,0x0000000095f00000)
 Metaspace       used 73571K, committed 75136K, reserved 1179648K
  class space    used 7693K, committed 8384K, reserved 1048576K
GC Heap History (20 events):
Event: 320.575 GC heap before
{Heap before GC invocations=588 (full 3):
 PSYoungGen      total 3584K, used 3539K [0x00000000d5580000, 0x00000000d5a00000, 0x0000000100000000)
  eden space 2560K, 99% used [0x00000000d5580000,0x00000000d57fd550,0x00000000d5800000)
  from space 1024K, 96% used [0x00000000d5900000,0x00000000d59f7a68,0x00000000d5a00000)
  to   space 1024K, 0% used [0x00000000d5800000,0x00000000d5800000,0x00000000d5900000)
 ParOldGen       total 343552K, used 343521K [0x0000000080000000, 0x0000000094f80000, 0x00000000d5580000)
  object space 343552K, 99% used [0x0000000080000000,0x0000000094f786f8,0x0000000094f80000)
 Metaspace       used 73566K, committed 75136K, reserved 1179648K
  class space    used 7693K, committed 8384K, reserved 1048576K
}
Event: 320.579 GC heap after
{Heap after GC invocations=588 (full 3):
 PSYoungGen      total 3584K, used 1020K [0x00000000d5580000, 0x00000000d5b80000, 0x0000000100000000)
  eden space 2560K, 0% used [0x00000000d5580000,0x00000000d5580000,0x00000000d5800000)
  from space 1024K, 99% used [0x00000000d5800000,0x00000000d58ff060,0x00000000d5900000)
  to   space 1536K, 0% used [0x00000000d5a00000,0x00000000d5a00000,0x00000000d5b80000)
 ParOldGen       total 344576K, used 344443K [0x0000000080000000, 0x0000000095080000, 0x00000000d5580000)
  object space 344576K, 99% used [0x0000000080000000,0x000000009505ef80,0x0000000095080000)
 Metaspace       used 73566K, committed 75136K, reserved 1179648K
  class space    used 7693K, committed 8384K, reserved 1048576K
}
Event: 320.586 GC heap before
{Heap before GC invocations=589 (full 3):
 PSYoungGen      total 3584K, used 3576K [0x00000000d5580000, 0x00000000d5b80000, 0x0000000100000000)
  eden space 2560K, 99% used [0x00000000d5580000,0x00000000d57ff238,0x00000000d5800000)
  from space 1024K, 99% used [0x00000000d5800000,0x00000000d58ff060,0x00000000d5900000)
  to   space 1536K, 0% used [0x00000000d5a00000,0x00000000d5a00000,0x00000000d5b80000)
 ParOldGen       total 344576K, used 344443K [0x0000000080000000, 0x0000000095080000, 0x00000000d5580000)
  object space 344576K, 99% used [0x0000000080000000,0x000000009505ef80,0x0000000095080000)
 Metaspace       used 73566K, committed 75136K, reserved 1179648K
  class space    used 7693K, committed 8384K, reserved 1048576K
}
Event: 320.589 GC heap after
{Heap after GC invocations=589 (full 3):
 PSYoungGen      total 4096K, used 1006K [0x00000000d5580000, 0x00000000d5b00000, 0x0000000100000000)
  eden space 3072K, 0% used [0x00000000d5580000,0x00000000d5580000,0x00000000d5880000)
  from space 1024K, 98% used [0x00000000d5a00000,0x00000000d5afb9d8,0x00000000d5b00000)
  to   space 1024K, 0% used [0x00000000d5900000,0x00000000d5900000,0x00000000d5a00000)
 ParOldGen       total 345600K, used 345348K [0x0000000080000000, 0x0000000095180000, 0x00000000d5580000)
  object space 345600K, 99% used [0x0000000080000000,0x00000000951410e0,0x0000000095180000)
 Metaspace       used 73566K, committed 75136K, reserved 1179648K
  class space    used 7693K, committed 8384K, reserved 1048576K
}
Event: 320.635 GC heap before
{Heap before GC invocations=590 (full 3):
 PSYoungGen      total 4096K, used 4065K [0x00000000d5580000, 0x00000000d5b00000, 0x0000000100000000)
  eden space 3072K, 99% used [0x00000000d5580000,0x00000000d587cd38,0x00000000d5880000)
  from space 1024K, 98% used [0x00000000d5a00000,0x00000000d5afb9d8,0x00000000d5b00000)
  to   space 1024K, 0% used [0x00000000d5900000,0x00000000d5900000,0x00000000d5a00000)
 ParOldGen       total 345600K, used 345348K [0x0000000080000000, 0x0000000095180000, 0x00000000d5580000)
  object space 345600K, 99% used [0x0000000080000000,0x00000000951410e0,0x0000000095180000)
 Metaspace       used 73566K, committed 75136K, reserved 1179648K
  class space    used 7693K, committed 8384K, reserved 1048576K
}
Event: 320.639 GC heap after
{Heap after GC invocations=590 (full 3):
 PSYoungGen      total 4608K, used 1019K [0x00000000d5580000, 0x00000000d5e80000, 0x0000000100000000)
  eden space 3584K, 0% used [0x00000000d5580000,0x00000000d5580000,0x00000000d5900000)
  from space 1024K, 99% used [0x00000000d5900000,0x00000000d59fed68,0x00000000d5a00000)
  to   space 2560K, 0% used [0x00000000d5c00000,0x00000000d5c00000,0x00000000d5e80000)
 ParOldGen       total 346624K, used 346465K [0x0000000080000000, 0x0000000095280000, 0x00000000d5580000)
  object space 346624K, 99% used [0x0000000080000000,0x0000000095258760,0x0000000095280000)
 Metaspace       used 73566K, committed 75136K, reserved 1179648K
  class space    used 7693K, committed 8384K, reserved 1048576K
}
Event: 320.650 GC heap before
{Heap before GC invocations=591 (full 3):
 PSYoungGen      total 4608K, used 4596K [0x00000000d5580000, 0x00000000d5e80000, 0x0000000100000000)
  eden space 3584K, 99% used [0x00000000d5580000,0x00000000d58fe5e0,0x00000000d5900000)
  from space 1024K, 99% used [0x00000000d5900000,0x00000000d59fed68,0x00000000d5a00000)
  to   space 2560K, 0% used [0x00000000d5c00000,0x00000000d5c00000,0x00000000d5e80000)
 ParOldGen       total 346624K, used 346465K [0x0000000080000000, 0x0000000095280000, 0x00000000d5580000)
  object space 346624K, 99% used [0x0000000080000000,0x0000000095258760,0x0000000095280000)
 Metaspace       used 73566K, committed 75136K, reserved 1179648K
  class space    used 7693K, committed 8384K, reserved 1048576K
}
Event: 320.655 GC heap after
{Heap after GC invocations=591 (full 3):
 PSYoungGen      total 6656K, used 1398K [0x00000000d5580000, 0x00000000d5e00000, 0x0000000100000000)
  eden space 4608K, 0% used [0x00000000d5580000,0x00000000d5580000,0x00000000d5a00000)
  from space 2048K, 68% used [0x00000000d5c00000,0x00000000d5d5d970,0x00000000d5e00000)
  to   space 2048K, 0% used [0x00000000d5a00000,0x00000000d5a00000,0x00000000d5c00000)
 ParOldGen       total 347648K, used 347442K [0x0000000080000000, 0x0000000095380000, 0x00000000d5580000)
  object space 347648K, 99% used [0x0000000080000000,0x000000009534c950,0x0000000095380000)
 Metaspace       used 73566K, committed 75136K, reserved 1179648K
  class space    used 7693K, committed 8384K, reserved 1048576K
}
Event: 320.666 GC heap before
{Heap before GC invocations=592 (full 3):
 PSYoungGen      total 6656K, used 5951K [0x00000000d5580000, 0x00000000d5e00000, 0x0000000100000000)
  eden space 4608K, 98% used [0x00000000d5580000,0x00000000d59f2428,0x00000000d5a00000)
  from space 2048K, 68% used [0x00000000d5c00000,0x00000000d5d5d970,0x00000000d5e00000)
  to   space 2048K, 0% used [0x00000000d5a00000,0x00000000d5a00000,0x00000000d5c00000)
 ParOldGen       total 347648K, used 347442K [0x0000000080000000, 0x0000000095380000, 0x00000000d5580000)
  object space 347648K, 99% used [0x0000000080000000,0x000000009534c950,0x0000000095380000)
 Metaspace       used 73566K, committed 75136K, reserved 1179648K
  class space    used 7693K, committed 8384K, reserved 1048576K
}
Event: 320.671 GC heap after
{Heap after GC invocations=592 (full 3):
 PSYoungGen      total 6656K, used 1722K [0x00000000d5580000, 0x00000000d5f00000, 0x0000000100000000)
  eden space 4608K, 0% used [0x00000000d5580000,0x00000000d5580000,0x00000000d5a00000)
  from space 2048K, 84% used [0x00000000d5a00000,0x00000000d5baebd0,0x00000000d5c00000)
  to   space 2048K, 0% used [0x00000000d5d00000,0x00000000d5d00000,0x00000000d5f00000)
 ParOldGen       total 349184K, used 348757K [0x0000000080000000, 0x0000000095500000, 0x00000000d5580000)
  object space 349184K, 99% used [0x0000000080000000,0x0000000095495510,0x0000000095500000)
 Metaspace       used 73566K, committed 75136K, reserved 1179648K
  class space    used 7693K, committed 8384K, reserved 1048576K
}
Event: 320.685 GC heap before
{Heap before GC invocations=593 (full 3):
 PSYoungGen      total 6656K, used 6330K [0x00000000d5580000, 0x00000000d5f00000, 0x0000000100000000)
  eden space 4608K, 100% used [0x00000000d5580000,0x00000000d5a00000,0x00000000d5a00000)
  from space 2048K, 84% used [0x00000000d5a00000,0x00000000d5baebd0,0x00000000d5c00000)
  to   space 2048K, 0% used [0x00000000d5d00000,0x00000000d5d00000,0x00000000d5f00000)
 ParOldGen       total 349184K, used 348757K [0x0000000080000000, 0x0000000095500000, 0x00000000d5580000)
  object space 349184K, 99% used [0x0000000080000000,0x0000000095495510,0x0000000095500000)
 Metaspace       used 73566K, committed 75136K, reserved 1179648K
  class space    used 7693K, committed 8384K, reserved 1048576K
}
Event: 320.693 GC heap after
{Heap after GC invocations=593 (full 3):
 PSYoungGen      total 7680K, used 1794K [0x00000000d5580000, 0x00000000d5f00000, 0x0000000100000000)
  eden space 5632K, 0% used [0x00000000d5580000,0x00000000d5580000,0x00000000d5b00000)
  from space 2048K, 87% used [0x00000000d5d00000,0x00000000d5ec0868,0x00000000d5f00000)
  to   space 2048K, 0% used [0x00000000d5b00000,0x00000000d5b00000,0x00000000d5d00000)
 ParOldGen       total 350720K, used 350409K [0x0000000080000000, 0x0000000095680000, 0x00000000d5580000)
  object space 350720K, 99% used [0x0000000080000000,0x0000000095632420,0x0000000095680000)
 Metaspace       used 73566K, committed 75136K, reserved 1179648K
  class space    used 7693K, committed 8384K, reserved 1048576K
}
Event: 320.739 GC heap before
{Heap before GC invocations=594 (full 3):
 PSYoungGen      total 7680K, used 7426K [0x00000000d5580000, 0x00000000d5f00000, 0x0000000100000000)
  eden space 5632K, 100% used [0x00000000d5580000,0x00000000d5b00000,0x00000000d5b00000)
  from space 2048K, 87% used [0x00000000d5d00000,0x00000000d5ec0868,0x00000000d5f00000)
  to   space 2048K, 0% used [0x00000000d5b00000,0x00000000d5b00000,0x00000000d5d00000)
 ParOldGen       total 350720K, used 350409K [0x0000000080000000, 0x0000000095680000, 0x00000000d5580000)
  object space 350720K, 99% used [0x0000000080000000,0x0000000095632420,0x0000000095680000)
 Metaspace       used 73566K, committed 75136K, reserved 1179648K
  class space    used 7693K, committed 8384K, reserved 1048576K
}
Event: 320.746 GC heap after
{Heap after GC invocations=594 (full 3):
 PSYoungGen      total 7680K, used 1988K [0x00000000d5580000, 0x00000000d6080000, 0x0000000100000000)
  eden space 5632K, 0% used [0x00000000d5580000,0x00000000d5580000,0x00000000d5b00000)
  from space 2048K, 97% used [0x00000000d5b00000,0x00000000d5cf1230,0x00000000d5d00000)
  to   space 2048K, 0% used [0x00000000d5e80000,0x00000000d5e80000,0x00000000d6080000)
 ParOldGen       total 352768K, used 352407K [0x0000000080000000, 0x0000000095880000, 0x00000000d5580000)
  object space 352768K, 99% used [0x0000000080000000,0x0000000095825f58,0x0000000095880000)
 Metaspace       used 73566K, committed 75136K, reserved 1179648K
  class space    used 7693K, committed 8384K, reserved 1048576K
}
Event: 320.761 GC heap before
{Heap before GC invocations=595 (full 3):
 PSYoungGen      total 7680K, used 7620K [0x00000000d5580000, 0x00000000d6080000, 0x0000000100000000)
  eden space 5632K, 100% used [0x00000000d5580000,0x00000000d5b00000,0x00000000d5b00000)
  from space 2048K, 97% used [0x00000000d5b00000,0x00000000d5cf1230,0x00000000d5d00000)
  to   space 2048K, 0% used [0x00000000d5e80000,0x00000000d5e80000,0x00000000d6080000)
 ParOldGen       total 352768K, used 352407K [0x0000000080000000, 0x0000000095880000, 0x00000000d5580000)
  object space 352768K, 99% used [0x0000000080000000,0x0000000095825f58,0x0000000095880000)
 Metaspace       used 73566K, committed 75136K, reserved 1179648K
  class space    used 7693K, committed 8384K, reserved 1048576K
}
Event: 320.766 GC heap after
{Heap after GC invocations=595 (full 3):
 PSYoungGen      total 8704K, used 2034K [0x00000000d5580000, 0x00000000d6180000, 0x0000000100000000)
  eden space 6656K, 0% used [0x00000000d5580000,0x00000000d5580000,0x00000000d5c00000)
  from space 2048K, 99% used [0x00000000d5e80000,0x00000000d607c9f8,0x00000000d6080000)
  to   space 2560K, 0% used [0x00000000d5c00000,0x00000000d5c00000,0x00000000d5e80000)
 ParOldGen       total 354816K, used 354710K [0x0000000080000000, 0x0000000095a80000, 0x00000000d5580000)
  object space 354816K, 99% used [0x0000000080000000,0x0000000095a65b20,0x0000000095a80000)
 Metaspace       used 73566K, committed 75136K, reserved 1179648K
  class space    used 7693K, committed 8384K, reserved 1048576K
}
Event: 320.807 GC heap before
{Heap before GC invocations=596 (full 3):
 PSYoungGen      total 8704K, used 8690K [0x00000000d5580000, 0x00000000d6180000, 0x0000000100000000)
  eden space 6656K, 100% used [0x00000000d5580000,0x00000000d5c00000,0x00000000d5c00000)
  from space 2048K, 99% used [0x00000000d5e80000,0x00000000d607c9f8,0x00000000d6080000)
  to   space 2560K, 0% used [0x00000000d5c00000,0x00000000d5c00000,0x00000000d5e80000)
 ParOldGen       total 354816K, used 354710K [0x0000000080000000, 0x0000000095a80000, 0x00000000d5580000)
  object space 354816K, 99% used [0x0000000080000000,0x0000000095a65b20,0x0000000095a80000)
 Metaspace       used 73566K, committed 75136K, reserved 1179648K
  class space    used 7693K, committed 8384K, reserved 1048576K
}
Event: 320.813 GC heap after
{Heap after GC invocations=596 (full 3):
 PSYoungGen      total 9216K, used 2557K [0x00000000d5580000, 0x00000000d6380000, 0x0000000100000000)
  eden space 6656K, 0% used [0x00000000d5580000,0x00000000d5580000,0x00000000d5c00000)
  from space 2560K, 99% used [0x00000000d5c00000,0x00000000d5e7f4f8,0x00000000d5e80000)
  to   space 3072K, 0% used [0x00000000d6080000,0x00000000d6080000,0x00000000d6380000)
 ParOldGen       total 356864K, used 356822K [0x0000000080000000, 0x0000000095c80000, 0x00000000d5580000)
  object space 356864K, 99% used [0x0000000080000000,0x0000000095c75820,0x0000000095c80000)
 Metaspace       used 73566K, committed 75136K, reserved 1179648K
  class space    used 7693K, committed 8384K, reserved 1048576K
}
Event: 320.848 GC heap before
{Heap before GC invocations=597 (full 3):
 PSYoungGen      total 9216K, used 9213K [0x00000000d5580000, 0x00000000d6380000, 0x0000000100000000)
  eden space 6656K, 100% used [0x00000000d5580000,0x00000000d5c00000,0x00000000d5c00000)
  from space 2560K, 99% used [0x00000000d5c00000,0x00000000d5e7f4f8,0x00000000d5e80000)
  to   space 3072K, 0% used [0x00000000d6080000,0x00000000d6080000,0x00000000d6380000)
 ParOldGen       total 356864K, used 356822K [0x0000000080000000, 0x0000000095c80000, 0x00000000d5580000)
  object space 356864K, 99% used [0x0000000080000000,0x0000000095c75820,0x0000000095c80000)
 Metaspace       used 73566K, committed 75136K, reserved 1179648K
  class space    used 7693K, committed 8384K, reserved 1048576K
}
Event: 320.855 GC heap after
{Heap after GC invocations=597 (full 3):
 PSYoungGen      total 9216K, used 2336K [0x00000000d5580000, 0x00000000d6300000, 0x0000000100000000)
  eden space 6656K, 0% used [0x00000000d5580000,0x00000000d5580000,0x00000000d5c00000)
  from space 2560K, 91% used [0x00000000d6080000,0x00000000d62c82e0,0x00000000d6300000)
  to   space 2560K, 0% used [0x00000000d5c00000,0x00000000d5c00000,0x00000000d5e80000)
 ParOldGen       total 359424K, used 359369K [0x0000000080000000, 0x0000000095f00000, 0x00000000d5580000)
  object space 359424K, 99% used [0x0000000080000000,0x0000000095ef24f0,0x0000000095f00000)
 Metaspace       used 73566K, committed 75136K, reserved 1179648K
  class space    used 7693K, committed 8384K, reserved 1048576K
}

