# JRE version: Java(TM) SE Runtime Environment (17.0.2+8) (build 17.0.2+8-LTS-86)
# Java VM: Java HotSpot(TM) 64-Bit Server VM (17.0.2+8-LTS-86, mixed mode, sharing, tiered, compressed oops, compressed class ptrs, g1 gc, windows-amd64)
GC Precious Log:
 CPUs: 4 total, 4 available
 Memory: 10177M
 Large Page Support: Disabled
 NUMA Support: Disabled
 Compressed Oops: Enabled (Zero based)
 Heap Region Size: 2M
 Heap Min Capacity: 8M
 Heap Initial Capacity: 160M
 Heap Max Capacity: 2546M
 Pre-touch: Disabled
 Parallel Workers: 4
 Concurrent Workers: 1
 Concurrent Refinement Workers: 4
 Periodic GC: Disabled
Heap:
 garbage-first heap   total 163840K, used 46079K [0x0000000760e00000, 0x0000000800000000)
  region size 2048K, 22 young (45056K), 1 survivors (2048K)
 Metaspace       used 14682K, committed 14912K, reserved 1064960K
  class space    used 1770K, committed 1856K, reserved 1048576K
GC Heap History (6 events):
Event: 12.215 GC heap before
{Heap before GC invocations=0 (full 0):
 garbage-first heap   total 163840K, used 10240K [0x0000000760e00000, 0x0000000800000000)
  region size 2048K, 6 young (12288K), 0 survivors (0K)
 Metaspace       used 3166K, committed 3264K, reserved 1056768K
  class space    used 339K, committed 384K, reserved 1048576K
}
Event: 12.356 GC heap after
{Heap after GC invocations=1 (full 0):
 garbage-first heap   total 163840K, used 3133K [0x0000000760e00000, 0x0000000800000000)
  region size 2048K, 1 young (2048K), 1 survivors (2048K)
 Metaspace       used 3166K, committed 3264K, reserved 1056768K
  class space    used 339K, committed 384K, reserved 1048576K
}
Event: 14.710 GC heap before
{Heap before GC invocations=1 (full 0):
 garbage-first heap   total 163840K, used 13373K [0x0000000760e00000, 0x0000000800000000)
  region size 2048K, 6 young (12288K), 1 survivors (2048K)
 Metaspace       used 5399K, committed 5568K, reserved 1056768K
  class space    used 649K, committed 768K, reserved 1048576K
}
Event: 14.716 GC heap after
{Heap after GC invocations=2 (full 0):
 garbage-first heap   total 163840K, used 3904K [0x0000000760e00000, 0x0000000800000000)
  region size 2048K, 1 young (2048K), 1 survivors (2048K)
 Metaspace       used 5399K, committed 5568K, reserved 1056768K
  class space    used 649K, committed 768K, reserved 1048576K
}
Event: 20.012 GC heap before
{Heap before GC invocations=2 (full 0):
 garbage-first heap   total 163840K, used 34624K [0x0000000760e00000, 0x0000000800000000)
  region size 2048K, 16 young (32768K), 1 survivors (2048K)
 Metaspace       used 9346K, committed 9536K, reserved 1064960K
  class space    used 1131K, committed 1216K, reserved 1048576K
}
Event: 20.017 GC heap after
{Heap after GC invocations=3 (full 0):
 garbage-first heap   total 163840K, used 5119K [0x0000000760e00000, 0x0000000800000000)
  region size 2048K, 1 young (2048K), 1 survivors (2048K)
 Metaspace       used 9346K, committed 9536K, reserved 1064960K
  class space    used 1131K, committed 1216K, reserved 1048576K
}

